<?xml version="1.0" encoding="UTF-8"?>
<!-- Generated by org.testng.reporters.JUnitXMLReporter -->
<testsuite hostname="DESKTOP-GK381SJ" name="test-firefox" tests="5" failures="0" timestamp="11 Mar 2021 22:58:02 GMT" time="77.241" errors="0">
  <testcase name="@BeforeClass Bc" time="0.0" classname="crmvtigerassignment.CreateFilter">
    <failure type="org.openqa.selenium.TimeoutException" message="No connection could be made because the target machine actively refused it. (os error 10061)
Build info: version: &amp;apos;3.141.59&amp;apos;, revision: &amp;apos;e82be7d358&amp;apos;, time: &amp;apos;2018-11-14T08:17:03&amp;apos;
System info: host: &amp;apos;DESKTOP-GK381SJ&amp;apos;, ip: &amp;apos;127.0.0.1&amp;apos;, os.name: &amp;apos;Windows 10&amp;apos;, os.arch: &amp;apos;amd64&amp;apos;, os.version: &amp;apos;10.0&amp;apos;, java.version: &amp;apos;1.8.0_261&amp;apos;
Driver info: driver.version: FirefoxDriver
remote stacktrace: ">
      <![CDATA[org.openqa.selenium.TimeoutException: No connection could be made because the target machine actively refused it. (os error 10061)
Build info: version: '3.141.59', revision: 'e82be7d358', time: '2018-11-14T08:17:03'
System info: host: 'DESKTOP-GK381SJ', ip: '127.0.0.1', os.name: 'Windows 10', os.arch: 'amd64', os.version: '10.0', java.version: '1.8.0_261'
Driver info: driver.version: FirefoxDriver
remote stacktrace: 
	at org.openqa.selenium.remote.W3CHandshakeResponse.lambda$errorHandler$0(W3CHandshakeResponse.java:62)
	at org.openqa.selenium.remote.HandshakeResponse.lambda$getResponseFunction$0(HandshakeResponse.java:30)
	at org.openqa.selenium.remote.ProtocolHandshake.lambda$createSession$0(ProtocolHandshake.java:126)
	at java.util.stream.ReferencePipeline$3$1.accept(ReferencePipeline.java:193)
	at java.util.Spliterators$ArraySpliterator.tryAdvance(Spliterators.java:958)
	at java.util.stream.ReferencePipeline.forEachWithCancel(ReferencePipeline.java:126)
	at java.util.stream.AbstractPipeline.copyIntoWithCancel(AbstractPipeline.java:499)
	at java.util.stream.AbstractPipeline.copyInto(AbstractPipeline.java:486)
	at java.util.stream.AbstractPipeline.wrapAndCopyInto(AbstractPipeline.java:472)
	at java.util.stream.FindOps$FindOp.evaluateSequential(FindOps.java:152)
	at java.util.stream.AbstractPipeline.evaluate(AbstractPipeline.java:234)
	at java.util.stream.ReferencePipeline.findFirst(ReferencePipeline.java:464)
	at org.openqa.selenium.remote.ProtocolHandshake.createSession(ProtocolHandshake.java:128)
	at org.openqa.selenium.remote.ProtocolHandshake.createSession(ProtocolHandshake.java:74)
	at org.openqa.selenium.remote.HttpCommandExecutor.execute(HttpCommandExecutor.java:136)
	at org.openqa.selenium.remote.service.DriverCommandExecutor.execute(DriverCommandExecutor.java:83)
	at org.openqa.selenium.remote.RemoteWebDriver.execute(RemoteWebDriver.java:552)
	at org.openqa.selenium.remote.RemoteWebDriver.startSession(RemoteWebDriver.java:213)
	at org.openqa.selenium.remote.RemoteWebDriver.<init>(RemoteWebDriver.java:131)
	at org.openqa.selenium.firefox.FirefoxDriver.<init>(FirefoxDriver.java:147)
	at org.openqa.selenium.firefox.FirefoxDriver.<init>(FirefoxDriver.java:125)
	at com.vtigercrm.genericutilities.BaseClass.Bc(BaseClass.java:47)
	at java.util.concurrent.FutureTask.run(FutureTask.java:266)
	at java.util.concurrent.ThreadPoolExecutor.runWorker(ThreadPoolExecutor.java:1149)
	at java.util.concurrent.ThreadPoolExecutor$Worker.run(ThreadPoolExecutor.java:624)
	at java.lang.Thread.run(Thread.java:748)
... Removed 20 stack frames]]>
    </failure>
  </testcase> <!-- @BeforeClass Bc -->
  <testcase name="@BeforeMethod Bm" time="0.0" classname="crmvtigerassignment.CreateFilter">
    <skipped/>
  </testcase> <!-- @BeforeMethod Bm -->
  <testcase name="@AfterMethod Am" time="0.0" classname="crmvtigerassignment.CreateFilter">
    <skipped/>
  </testcase> <!-- @AfterMethod Am -->
  <testcase name="@BeforeMethod Bm" time="0.0" classname="crmvtigerassignment.CreateFilter">
    <skipped/>
  </testcase> <!-- @BeforeMethod Bm -->
  <testcase name="@AfterMethod Am" time="0.0" classname="crmvtigerassignment.CreateFilter">
    <skipped/>
  </testcase> <!-- @AfterMethod Am -->
  <testcase name="@BeforeMethod Bm" time="0.0" classname="crmvtigerassignment.CreateFilter">
    <skipped/>
  </testcase> <!-- @BeforeMethod Bm -->
  <testcase name="@AfterMethod Am" time="0.0" classname="crmvtigerassignment.CreateFilter">
    <skipped/>
  </testcase> <!-- @AfterMethod Am -->
  <testcase name="@AfterClass Ac" time="0.0" classname="crmvtigerassignment.CreateFilter">
    <skipped/>
  </testcase> <!-- @AfterClass Ac -->
  <testcase name="@BeforeClass Bc" time="0.0" classname="crmvtigerassignment.CreateOpportunity">
    <skipped/>
  </testcase> <!-- @BeforeClass Bc -->
  <testcase name="@BeforeMethod Bm" time="0.0" classname="crmvtigerassignment.CreateOpportunity">
    <skipped/>
  </testcase> <!-- @BeforeMethod Bm -->
  <testcase name="@AfterMethod Am" time="0.0" classname="crmvtigerassignment.CreateOpportunity">
    <skipped/>
  </testcase> <!-- @AfterMethod Am -->
  <testcase name="@BeforeMethod Bm" time="0.0" classname="crmvtigerassignment.CreateOpportunity">
    <skipped/>
  </testcase> <!-- @BeforeMethod Bm -->
  <testcase name="@AfterMethod Am" time="0.0" classname="crmvtigerassignment.CreateOpportunity">
    <skipped/>
  </testcase> <!-- @AfterMethod Am -->
  <testcase name="@AfterClass Ac" time="0.0" classname="crmvtigerassignment.CreateOpportunity">
    <skipped/>
  </testcase> <!-- @AfterClass Ac -->
  <testcase name="CreateFilterTC_26" time="0.0" classname="crmvtigerassignment.CreateFilter">
    <skipped/>
  </testcase> <!-- CreateFilterTC_26 -->
  <testcase name="CreateFilterTC_27" time="0.0" classname="crmvtigerassignment.CreateFilter">
    <skipped/>
  </testcase> <!-- CreateFilterTC_27 -->
  <testcase name="CreateFilterTC_28" time="0.0" classname="crmvtigerassignment.CreateFilter">
    <skipped/>
  </testcase> <!-- CreateFilterTC_28 -->
  <testcase name="CreateOpp_25" time="0.0" classname="crmvtigerassignment.CreateOpportunity">
    <skipped/>
  </testcase> <!-- CreateOpp_25 -->
  <testcase name="CreateOpp_TC_24" time="0.0" classname="crmvtigerassignment.CreateOpportunity">
    <skipped/>
  </testcase> <!-- CreateOpp_TC_24 -->
</testsuite> <!-- test-firefox -->
