<?xml version="1.0" encoding="UTF-8"?>
<!-- Generated by org.testng.reporters.JUnitReportReporter -->
<testsuite skipped="0" hostname="DESKTOP-GK381SJ" name="com.crm.vtiger.ReportTest" tests="1" failures="0" timestamp="15 Mar 2021 00:08:06 GMT" time="0.063" errors="0">
  <testcase name="modifyCustomerTes" time="0.063" classname="com.crm.vtiger.ReportTest"/>
</testsuite> <!-- com.crm.vtiger.ReportTest -->
