<?xml version="1.0" encoding="UTF-8"?>
<!-- Generated by org.testng.reporters.JUnitReportReporter -->
<testsuite skipped="0" hostname="DESKTOP-GK381SJ" name="com.crm.vtiger.CustomerTest" tests="2" failures="0" timestamp="15 Mar 2021 00:08:06 GMT" time="0.016" errors="0">
  <testcase name="modifyCustomerTest" time="0.016" classname="com.crm.vtiger.CustomerTest"/>
  <testcase name="createCustomerTest" time="0.000" classname="com.crm.vtiger.CustomerTest"/>
</testsuite> <!-- com.crm.vtiger.CustomerTest -->
