<?xml version="1.0" encoding="UTF-8"?>
<!-- Generated by org.testng.reporters.JUnitReportReporter -->
<testsuite skipped="4" hostname="DESKTOP-GK381SJ" name="crmvtigerassignment.CreateOpportunity" tests="4" failures="0" timestamp="11 Mar 2021 23:05:52 GMT" time="0.003" errors="0">
  <testcase name="CreateOpp_25" time="0.001" classname="crmvtigerassignment.CreateOpportunity">
    <skipped/>
  </testcase> <!-- CreateOpp_25 -->
  <testcase name="CreateOpp_TC_24" time="0.000" classname="crmvtigerassignment.CreateOpportunity">
    <skipped/>
  </testcase> <!-- CreateOpp_TC_24 -->
  <testcase name="CreateOpp_25" time="0.000" classname="crmvtigerassignment.CreateOpportunity">
    <skipped/>
  </testcase> <!-- CreateOpp_25 -->
  <testcase name="CreateOpp_TC_24" time="0.002" classname="crmvtigerassignment.CreateOpportunity">
    <skipped/>
  </testcase> <!-- CreateOpp_TC_24 -->
</testsuite> <!-- crmvtigerassignment.CreateOpportunity -->
